


name       Zehrs Alliston
store number  509
address       30 King Street South
postal code      L9R1H6
city      Alliston
province    ON
cannot concatenate 'str' and 'NoneType' objects
breaking from loop



name       Zehrs Big Bay Point
store number  565
address       620 Yonge Street
postal code      L4N4E6
city      Barrie
province    ON



name       Zehrs Cundles
store number  510
address       201 Cundles Rd East
postal code      L4M4S5
city      Barrie
province    ON



name       Zehrs Essa Road
store number  507
address       11 Bryne Drive
postal code      L4N8V8
city      Barrie
province    ON
cannot concatenate 'str' and 'NoneType' objects
breaking from loop
cannot concatenate 'str' and 'NoneType' objects
breaking from loop
cannot concatenate 'str' and 'NoneType' objects
breaking from loop



name       Zehrs Bolton
store number  558
address       487 Queen St. S
postal code      L7E2B4
city      Bolton
province    ON
cannot concatenate 'str' and 'NoneType' objects
breaking from loop



name       Zehrs Bradford
store number  505
address       500 Holland St. West 
postal code      L3Z0A2
city      Bradford
province    ON
cannot concatenate 'str' and 'NoneType' objects
breaking from loop



name       Zehrs Fairview
store number  540
address       410 Fairview Drive
postal code      N3R7V7
city      Brantford
province    ON



name       Zehrs King George
store number  543
address       290 King George Rd Nth/Hiway 24
postal code      N3R5L8
city      Brantford
province    ON
cannot concatenate 'str' and 'NoneType' objects
breaking from loop
cannot concatenate 'str' and 'NoneType' objects
breaking from loop



name       Zehrs Caledonia
store number  519
address       322 Argyle Street South
postal code      N3W1K8
city      Caledonia
province    ON
cannot concatenate 'str' and 'NoneType' objects
breaking from loop



name       Zehrs - South Cambridge
store number  576
address       200 Franklin Blvd
postal code      N1R8N8
city      Cambridge
province    ON



name       Zehrs Cambridge Cntr
store number  533
address       400 Conestoga Blvd.
postal code      N1R7L7
city      Cambridge
province    ON



name       Zehrs Hespeler
store number  545
address       180 Holiday Inn Drive
postal code      N3C3Z4
city      Cambridge
province    ON
cannot concatenate 'str' and 'NoneType' objects
breaking from loop
cannot concatenate 'str' and 'NoneType' objects
breaking from loop
cannot concatenate 'str' and 'NoneType' objects
breaking from loop



name       Zehrs Fergus
store number  539
address       800 Tower Street South
postal code      N1M2R3
city      Fergus
province    ON
cannot concatenate 'str' and 'NoneType' objects
breaking from loop



name       Zehrs Goderich
store number  532
address       PO Box 365 Hwy #8
postal code      N7A4C6
city      Goderich
province    ON
cannot concatenate 'str' and 'NoneType' objects
breaking from loop



name       Zehrs Eramosa
store number  538
address       297 Eramosa Road
postal code      N1E2M7
city      Guelph
province    ON



name       Zehrs Guelph Clair
store number  500
address       124 Clair Rd E
postal code      N1L0G6
city      Guelph
province    ON



name       Zehrs Hartsland
store number  531
address       160 Kortright Road West
postal code      N1G4W2
city      Guelph
province    ON



name       Zehrs Imperial
store number  559
address       1045 Paisley Road
postal code      N1K1X6
city      Guelph
province    ON
cannot concatenate 'str' and 'NoneType' objects
breaking from loop
cannot concatenate 'str' and 'NoneType' objects
breaking from loop
cannot concatenate 'str' and 'NoneType' objects
breaking from loop
cannot concatenate 'str' and 'NoneType' objects
breaking from loop



name       Zehrs Keswick
store number  520
address       24018 Woodbine Ave RR # 2
postal code      L4P3E9
city      Keswick
province    ON
cannot concatenate 'str' and 'NoneType' objects
breaking from loop



name       Zehrs Kingsville
store number  572
address       300 Main St. E
postal code      N9Y3S9
city      Kingsville
province    ON
cannot concatenate 'str' and 'NoneType' objects
breaking from loop



name       Zehrs Hiway Centre
store number  515
address       1375 Weber St. East
postal code      N2A2Y7
city      Kitchener
province    ON



name       Zehrs Laurentian
store number  560
address       750 Ottawa St. South
postal code      N2E1B6
city      Kitchener
province    ON



name       Zehrs Pioneer Park
store number  513
address       123 Pioneer Park
postal code      N2P1K8
city      Kitchener
province    ON



name       Zehrs Stanley Park
store number  523
address       1005 Ottawa Street
postal code      N2A1H1
city      Kitchener
province    ON
cannot concatenate 'str' and 'NoneType' objects
breaking from loop
cannot concatenate 'str' and 'NoneType' objects
breaking from loop
cannot concatenate 'str' and 'NoneType' objects
breaking from loop
cannot concatenate 'str' and 'NoneType' objects
breaking from loop



name       Zehrs Listowel
store number  535
address       600 Mitchell Rd Hwy 23 South
postal code      N4W3T1
city      Listowel
province    ON
cannot concatenate 'str' and 'NoneType' objects
breaking from loop



name       Zehrs Niagara Falls
store number  537
address       6940 Morrison Street
postal code      L2E7K5
city      Niagara Falls
province    ON
cannot concatenate 'str' and 'NoneType' objects
breaking from loop



name       Zehrs Orangeville
store number  554
address       Heritage Mall 50 - 4th Ave
postal code      L9W1L0
city      Orangeville
province    ON
cannot concatenate 'str' and 'NoneType' objects
breaking from loop



name       Zehrs Orillia
store number  580
address       289 Coldwater Road
postal code      L3V6J3
city      Orillia
province    ON
cannot concatenate 'str' and 'NoneType' objects
breaking from loop



name       Zehrs Owen Sound
store number  563
address       1150 16Th Street East
postal code      N4K1Z3
city      Owen Sound
province    ON
cannot concatenate 'str' and 'NoneType' objects
breaking from loop



name       Zehrs Geneva Street
store number  536
address       Fairview Mall  285 Geneva St.
postal code      L2N2G1
city      St. Catharines
province    ON



name       Zehrs Pen Centre
store number  522
address       221 Glendale Ave (At Hwy 406)
postal code      L2T2K9
city      St. Catharines
province    ON
cannot concatenate 'str' and 'NoneType' objects
breaking from loop
cannot concatenate 'str' and 'NoneType' objects
breaking from loop



name       Zehrs Stratford
store number  557
address       865 Ontario Street
postal code      N5A7Y2
city      Stratford
province    ON
cannot concatenate 'str' and 'NoneType' objects
breaking from loop



name       Zehrs Tillsonburg
store number  570
address       400 Simcoe Street
postal code      N4G4X1
city      Tillsonburg
province    ON
cannot concatenate 'str' and 'NoneType' objects
breaking from loop



name       Zehrs Uxbridge
store number  552
address       323 Toronto St. S
postal code      L9P1N2
city      Uxbridge
province    ON
cannot concatenate 'str' and 'NoneType' objects
breaking from loop



name       Zehrs Beechwood
store number  524
address       450 Erb St. West
postal code      N2T1H4
city      Waterloo
province    ON



name       Zehrs Conestoga
store number  528
address       555 Davenport Road
postal code      N2L6L2
city      Waterloo
province    ON



name       Zehrs Glenridge
store number  525
address       315 Lincoln Road
postal code      N2J4H7
city      Waterloo
province    ON
cannot concatenate 'str' and 'NoneType' objects
breaking from loop
cannot concatenate 'str' and 'NoneType' objects
breaking from loop
cannot concatenate 'str' and 'NoneType' objects
breaking from loop



name       Zehrs Welland
store number  550
address       821 Niagara St. North
postal code      L3C1M4
city      Welland
province    ON
cannot concatenate 'str' and 'NoneType' objects
breaking from loop



name       Zehrs Malden Road
store number  521
address       5890 Malden Road
postal code      N9H1S4
city      Windsor
province    ON



name       Zehrs Parkway Mall
store number  529
address       7201 Tecumseh Rd East
postal code      N8T3K4
city      Windsor
province    ON



name       Zehrs St Clair Beach
store number  573
address       400 Manning Road
postal code      N8N4Z4
city      Windsor
province    ON
cannot concatenate 'str' and 'NoneType' objects
breaking from loop
cannot concatenate 'str' and 'NoneType' objects
breaking from loop
cannot concatenate 'str' and 'NoneType' objects
breaking from loop



name       Zehrs Woodstock
store number  579
address       969 Dundas Street
postal code      N4S1H2
city      Woodstock
province    ON
cannot concatenate 'str' and 'NoneType' objects
breaking from loop



name:  Zehrs Alliston
address:   30 King Street South
city:  Alliston
province:  ON
postal:  L9R1H6
store number:  509



name:  Zehrs Big Bay Point
address:   620 Yonge Street
city:  Barrie
province:  ON
postal:  L4N4E6
store number:  565



name:  Zehrs Cundles
address:   201 Cundles Rd East
city:  Barrie
province:  ON
postal:  L4M4S5
store number:  510



name:  Zehrs Essa Road
address:   11 Bryne Drive
city:  Barrie
province:  ON
postal:  L4N8V8
store number:  507



name:  Zehrs Bolton
address:   487 Queen St. S
city:  Bolton
province:  ON
postal:  L7E2B4
store number:  558



name:  Zehrs Bradford
address:   500 Holland St. West 
city:  Bradford
province:  ON
postal:  L3Z0A2
store number:  505



name:  Zehrs Fairview
address:   410 Fairview Drive
city:  Brantford
province:  ON
postal:  N3R7V7
store number:  540



name:  Zehrs King George
address:   290 King George Rd Nth/Hiway 24
city:  Brantford
province:  ON
postal:  N3R5L8
store number:  543



name:  Zehrs Caledonia
address:   322 Argyle Street South
city:  Caledonia
province:  ON
postal:  N3W1K8
store number:  519



name:  Zehrs - South Cambridge
address:   200 Franklin Blvd
city:  Cambridge
province:  ON
postal:  N1R8N8
store number:  576



name:  Zehrs Cambridge Cntr
address:   400 Conestoga Blvd.
city:  Cambridge
province:  ON
postal:  N1R7L7
store number:  533



name:  Zehrs Hespeler
address:   180 Holiday Inn Drive
city:  Cambridge
province:  ON
postal:  N3C3Z4
store number:  545



name:  Zehrs Fergus
address:   800 Tower Street South
city:  Fergus
province:  ON
postal:  N1M2R3
store number:  539



name:  Zehrs Goderich
address:   PO Box 365 Hwy #8
city:  Goderich
province:  ON
postal:  N7A4C6
store number:  532



name:  Zehrs Eramosa
address:   297 Eramosa Road
city:  Guelph
province:  ON
postal:  N1E2M7
store number:  538



name:  Zehrs Guelph Clair
address:   124 Clair Rd E
city:  Guelph
province:  ON
postal:  N1L0G6
store number:  500



name:  Zehrs Hartsland
address:   160 Kortright Road West
city:  Guelph
province:  ON
postal:  N1G4W2
store number:  531



name:  Zehrs Imperial
address:   1045 Paisley Road
city:  Guelph
province:  ON
postal:  N1K1X6
store number:  559



name:  Zehrs Keswick
address:   24018 Woodbine Ave RR # 2
city:  Keswick
province:  ON
postal:  L4P3E9
store number:  520



name:  Zehrs Kingsville
address:   300 Main St. E
city:  Kingsville
province:  ON
postal:  N9Y3S9
store number:  572



name:  Zehrs Hiway Centre
address:   1375 Weber St. East
city:  Kitchener
province:  ON
postal:  N2A2Y7
store number:  515



name:  Zehrs Laurentian
address:   750 Ottawa St. South
city:  Kitchener
province:  ON
postal:  N2E1B6
store number:  560



name:  Zehrs Pioneer Park
address:   123 Pioneer Park
city:  Kitchener
province:  ON
postal:  N2P1K8
store number:  513



name:  Zehrs Stanley Park
address:   1005 Ottawa Street
city:  Kitchener
province:  ON
postal:  N2A1H1
store number:  523



name:  Zehrs Listowel
address:   600 Mitchell Rd Hwy 23 South
city:  Listowel
province:  ON
postal:  N4W3T1
store number:  535



name:  Zehrs Niagara Falls
address:   6940 Morrison Street
city:  Niagara Falls
province:  ON
postal:  L2E7K5
store number:  537



name:  Zehrs Orangeville
address:   Heritage Mall 50 - 4th Ave
city:  Orangeville
province:  ON
postal:  L9W1L0
store number:  554



name:  Zehrs Orillia
address:   289 Coldwater Road
city:  Orillia
province:  ON
postal:  L3V6J3
store number:  580



name:  Zehrs Owen Sound
address:   1150 16Th Street East
city:  Owen Sound
province:  ON
postal:  N4K1Z3
store number:  563



name:  Zehrs Geneva Street
address:   Fairview Mall  285 Geneva St.
city:  St. Catharines
province:  ON
postal:  L2N2G1
store number:  536



name:  Zehrs Pen Centre
address:   221 Glendale Ave (At Hwy 406)
city:  St. Catharines
province:  ON
postal:  L2T2K9
store number:  522



name:  Zehrs Stratford
address:   865 Ontario Street
city:  Stratford
province:  ON
postal:  N5A7Y2
store number:  557



name:  Zehrs Tillsonburg
address:   400 Simcoe Street
city:  Tillsonburg
province:  ON
postal:  N4G4X1
store number:  570



name:  Zehrs Uxbridge
address:   323 Toronto St. S
city:  Uxbridge
province:  ON
postal:  L9P1N2
store number:  552



name:  Zehrs Beechwood
address:   450 Erb St. West
city:  Waterloo
province:  ON
postal:  N2T1H4
store number:  524



name:  Zehrs Conestoga
address:   555 Davenport Road
city:  Waterloo
province:  ON
postal:  N2L6L2
store number:  528



name:  Zehrs Glenridge
address:   315 Lincoln Road
city:  Waterloo
province:  ON
postal:  N2J4H7
store number:  525



name:  Zehrs Welland
address:   821 Niagara St. North
city:  Welland
province:  ON
postal:  L3C1M4
store number:  550



name:  Zehrs Malden Road
address:   5890 Malden Road
city:  Windsor
province:  ON
postal:  N9H1S4
store number:  521



name:  Zehrs Parkway Mall
address:   7201 Tecumseh Rd East
city:  Windsor
province:  ON
postal:  N8T3K4
store number:  529



name:  Zehrs St Clair Beach
address:   400 Manning Road
city:  Windsor
province:  ON
postal:  N8N4Z4
store number:  573



name:  Zehrs Woodstock
address:   969 Dundas Street
city:  Woodstock
province:  ON
postal:  N4S1H2
store number:  579
