[INFO  - 2015-07-20T13:03:53.152Z] GhostDriver - Main - running on port 56460
[INFO  - 2015-07-20T13:03:53.840Z] Session [c5ef09b0-2edf-11e5-bf0b-1fdbf40979de] - page.settings - {"XSSAuditingEnabled":false,"javascriptCanCloseWindows":true,"javascriptCanOpenWindows":true,"javascriptEnabled":true,"loadImages":true,"localToRemoteUrlAccessEnabled":false,"userAgent":"Mozilla/5.0 (Windows NT 6.1; WOW64) AppleWebKit/538.1 (KHTML, like Gecko) PhantomJS/2.0.0 Safari/538.1","webSecurityEnabled":true}
[INFO  - 2015-07-20T13:03:53.840Z] Session [c5ef09b0-2edf-11e5-bf0b-1fdbf40979de] - page.customHeaders:  - {}
[INFO  - 2015-07-20T13:03:53.840Z] Session [c5ef09b0-2edf-11e5-bf0b-1fdbf40979de] - Session.negotiatedCapabilities - {"browserName":"phantomjs","version":"2.0.0","driverName":"ghostdriver","driverVersion":"1.2.0","platform":"windows-7-32bit","javascriptEnabled":true,"takesScreenshot":true,"handlesAlerts":false,"databaseEnabled":false,"locationContextEnabled":false,"applicationCacheEnabled":false,"browserConnectionEnabled":false,"cssSelectorsEnabled":true,"webStorageEnabled":false,"rotatable":false,"acceptSslCerts":false,"nativeEvents":true,"proxy":{"proxyType":"direct"}}
[INFO  - 2015-07-20T13:03:53.841Z] SessionManagerReqHand - _postNewSessionCommand - New Session Created: c5ef09b0-2edf-11e5-bf0b-1fdbf40979de
[ERROR - 2015-07-20T13:03:54.972Z] Session [c5ef09b0-2edf-11e5-bf0b-1fdbf40979de] - page.onError - msg: TypeError: undefined is not an object (evaluating 'jQuery.browser.version')

  :262 in error
[ERROR - 2015-07-20T13:03:54.972Z] Session [c5ef09b0-2edf-11e5-bf0b-1fdbf40979de] - page.onError - stack:
  (anonymous function) (https://www.sobeys.com/assets/ie_fix-16678ad01c3a62c8c8028cd3c0685c09.js:1)
  u (https://www.sobeys.com/assets/application-841810516fd3ffdb7e98314e9c2e93f1.js:2)
  fireWith (https://www.sobeys.com/assets/application-841810516fd3ffdb7e98314e9c2e93f1.js:2)
  ready (https://www.sobeys.com/assets/application-841810516fd3ffdb7e98314e9c2e93f1.js:1)
  xe (https://www.sobeys.com/assets/application-841810516fd3ffdb7e98314e9c2e93f1.js:1)

  :262 in error
[ERROR - 2015-07-20T13:04:18.872Z] Session [c5ef09b0-2edf-11e5-bf0b-1fdbf40979de] - page.onError - msg: TypeError: undefined is not an object (evaluating 'jQuery.browser.version')

  :262 in error
[ERROR - 2015-07-20T13:04:18.872Z] Session [c5ef09b0-2edf-11e5-bf0b-1fdbf40979de] - page.onError - stack:
  (anonymous function) (https://www.sobeys.com/assets/ie_fix-16678ad01c3a62c8c8028cd3c0685c09.js:1)
  u (https://www.sobeys.com/assets/application-841810516fd3ffdb7e98314e9c2e93f1.js:2)
  fireWith (https://www.sobeys.com/assets/application-841810516fd3ffdb7e98314e9c2e93f1.js:2)
  ready (https://www.sobeys.com/assets/application-841810516fd3ffdb7e98314e9c2e93f1.js:1)
  xe (https://www.sobeys.com/assets/application-841810516fd3ffdb7e98314e9c2e93f1.js:1)

  :262 in error
[ERROR - 2015-07-20T13:04:31.792Z] WebElementLocator - _handleLocateCommand - Element(s) NOT Found: GAVE UP. Search Stop Time: 1437397471749

  :262 in error
[ERROR - 2015-07-20T13:04:50.411Z] Session [c5ef09b0-2edf-11e5-bf0b-1fdbf40979de] - page.onError - msg: TypeError: undefined is not an object (evaluating 'jQuery.browser.version')

  :262 in error
[ERROR - 2015-07-20T13:04:50.411Z] Session [c5ef09b0-2edf-11e5-bf0b-1fdbf40979de] - page.onError - stack:
  (anonymous function) (https://www.sobeys.com/assets/ie_fix-16678ad01c3a62c8c8028cd3c0685c09.js:1)
  u (https://www.sobeys.com/assets/application-841810516fd3ffdb7e98314e9c2e93f1.js:2)
  fireWith (https://www.sobeys.com/assets/application-841810516fd3ffdb7e98314e9c2e93f1.js:2)
  ready (https://www.sobeys.com/assets/application-841810516fd3ffdb7e98314e9c2e93f1.js:1)
  xe (https://www.sobeys.com/assets/application-841810516fd3ffdb7e98314e9c2e93f1.js:1)

  :262 in error
[ERROR - 2015-07-20T13:04:50.547Z] Session [c5ef09b0-2edf-11e5-bf0b-1fdbf40979de] - page.onError - msg: TypeError: null is not an object (evaluating 'document.getElementById("info_window_"+e).innerHTML')

  :262 in error
[ERROR - 2015-07-20T13:04:50.547Z] Session [c5ef09b0-2edf-11e5-bf0b-1fdbf40979de] - page.onError - stack:
  (anonymous function) (https://www.sobeys.com/assets/application-841810516fd3ffdb7e98314e9c2e93f1.js:9)
  forEach (:0)
  mapSingle (https://www.sobeys.com/assets/application-841810516fd3ffdb7e98314e9c2e93f1.js:9)

  :262 in error
[ERROR - 2015-07-20T13:04:53.242Z] Session [c5ef09b0-2edf-11e5-bf0b-1fdbf40979de] - page.onError - msg: TypeError: undefined is not an object (evaluating 'jQuery.browser.version')

  :262 in error
[ERROR - 2015-07-20T13:04:53.242Z] Session [c5ef09b0-2edf-11e5-bf0b-1fdbf40979de] - page.onError - stack:
  (anonymous function) (https://www.sobeys.com/assets/ie_fix-16678ad01c3a62c8c8028cd3c0685c09.js:1)
  u (https://www.sobeys.com/assets/application-841810516fd3ffdb7e98314e9c2e93f1.js:2)
  fireWith (https://www.sobeys.com/assets/application-841810516fd3ffdb7e98314e9c2e93f1.js:2)
  ready (https://www.sobeys.com/assets/application-841810516fd3ffdb7e98314e9c2e93f1.js:1)
  xe (https://www.sobeys.com/assets/application-841810516fd3ffdb7e98314e9c2e93f1.js:1)

  :262 in error
[ERROR - 2015-07-20T13:04:56.906Z] WebElementLocator - _handleLocateCommand - Element(s) NOT Found: GAVE UP. Search Stop Time: 1437397496864

  :262 in error
[ERROR - 2015-07-20T13:04:59.612Z] Session [c5ef09b0-2edf-11e5-bf0b-1fdbf40979de] - page.onError - msg: TypeError: undefined is not an object (evaluating 'jQuery.browser.version')

  :262 in error
[ERROR - 2015-07-20T13:04:59.613Z] Session [c5ef09b0-2edf-11e5-bf0b-1fdbf40979de] - page.onError - stack:
  (anonymous function) (https://www.sobeys.com/assets/ie_fix-16678ad01c3a62c8c8028cd3c0685c09.js:1)
  u (https://www.sobeys.com/assets/application-841810516fd3ffdb7e98314e9c2e93f1.js:2)
  fireWith (https://www.sobeys.com/assets/application-841810516fd3ffdb7e98314e9c2e93f1.js:2)
  ready (https://www.sobeys.com/assets/application-841810516fd3ffdb7e98314e9c2e93f1.js:1)
  xe (https://www.sobeys.com/assets/application-841810516fd3ffdb7e98314e9c2e93f1.js:1)

  :262 in error
[ERROR - 2015-07-20T13:05:02.180Z] WebElementLocator - _handleLocateCommand - Element(s) NOT Found: GAVE UP. Search Stop Time: 1437397502130

  :262 in error
[ERROR - 2015-07-20T13:05:04.985Z] Session [c5ef09b0-2edf-11e5-bf0b-1fdbf40979de] - page.onError - msg: TypeError: undefined is not an object (evaluating 'jQuery.browser.version')

  :262 in error
[ERROR - 2015-07-20T13:05:04.986Z] Session [c5ef09b0-2edf-11e5-bf0b-1fdbf40979de] - page.onError - stack:
  (anonymous function) (https://www.sobeys.com/assets/ie_fix-16678ad01c3a62c8c8028cd3c0685c09.js:1)
  u (https://www.sobeys.com/assets/application-841810516fd3ffdb7e98314e9c2e93f1.js:2)
  fireWith (https://www.sobeys.com/assets/application-841810516fd3ffdb7e98314e9c2e93f1.js:2)
  ready (https://www.sobeys.com/assets/application-841810516fd3ffdb7e98314e9c2e93f1.js:1)
  xe (https://www.sobeys.com/assets/application-841810516fd3ffdb7e98314e9c2e93f1.js:1)

  :262 in error
[ERROR - 2015-07-20T13:05:08.622Z] Session [c5ef09b0-2edf-11e5-bf0b-1fdbf40979de] - page.onError - msg: TypeError: undefined is not an object (evaluating 'jQuery.browser.version')

  :262 in error
[ERROR - 2015-07-20T13:05:08.622Z] Session [c5ef09b0-2edf-11e5-bf0b-1fdbf40979de] - page.onError - stack:
  (anonymous function) (https://www.sobeys.com/assets/ie_fix-16678ad01c3a62c8c8028cd3c0685c09.js:1)
  u (https://www.sobeys.com/assets/application-841810516fd3ffdb7e98314e9c2e93f1.js:2)
  fireWith (https://www.sobeys.com/assets/application-841810516fd3ffdb7e98314e9c2e93f1.js:2)
  ready (https://www.sobeys.com/assets/application-841810516fd3ffdb7e98314e9c2e93f1.js:1)
  xe (https://www.sobeys.com/assets/application-841810516fd3ffdb7e98314e9c2e93f1.js:1)

  :262 in error
[ERROR - 2015-07-20T13:05:10.743Z] WebElementLocator - _handleLocateCommand - Element(s) NOT Found: GAVE UP. Search Stop Time: 1437397510691

  :262 in error
[ERROR - 2015-07-20T13:05:12.498Z] WebElementLocator - _handleLocateCommand - Element(s) NOT Found: GAVE UP. Search Stop Time: 1437397512450

  :262 in error
[ERROR - 2015-07-20T13:05:14.267Z] WebElementLocator - _handleLocateCommand - Element(s) NOT Found: GAVE UP. Search Stop Time: 1437397514210

  :262 in error
[ERROR - 2015-07-20T13:05:17.016Z] Session [c5ef09b0-2edf-11e5-bf0b-1fdbf40979de] - page.onError - msg: TypeError: undefined is not an object (evaluating 'jQuery.browser.version')

  :262 in error
[ERROR - 2015-07-20T13:05:17.016Z] Session [c5ef09b0-2edf-11e5-bf0b-1fdbf40979de] - page.onError - stack:
  (anonymous function) (https://www.sobeys.com/assets/ie_fix-16678ad01c3a62c8c8028cd3c0685c09.js:1)
  u (https://www.sobeys.com/assets/application-841810516fd3ffdb7e98314e9c2e93f1.js:2)
  fireWith (https://www.sobeys.com/assets/application-841810516fd3ffdb7e98314e9c2e93f1.js:2)
  ready (https://www.sobeys.com/assets/application-841810516fd3ffdb7e98314e9c2e93f1.js:1)
  xe (https://www.sobeys.com/assets/application-841810516fd3ffdb7e98314e9c2e93f1.js:1)

  :262 in error
[ERROR - 2015-07-20T13:05:20.306Z] WebElementLocator - _handleLocateCommand - Element(s) NOT Found: GAVE UP. Search Stop Time: 1437397520270

  :262 in error
[ERROR - 2015-07-20T13:05:21.928Z] WebElementLocator - _handleLocateCommand - Element(s) NOT Found: GAVE UP. Search Stop Time: 1437397521901

  :262 in error
