[2015-08-20 13:14:43.350000] ERROR: No flyer for this store
[2015-08-20 13:27:55.698000] ERROR: No flyer for this store
[2015-08-20 13:28:22.686000] ERROR: No flyer for this store
[2015-08-20 13:29:56.038000] ERROR: No flyer for this store
[2015-08-20 14:24:18.452000] ERROR: No flyer for this store
[2015-08-20 14:31:48.267000] ERROR: No flyer for this store
[2015-08-20 14:32:12.694000] ERROR: No flyer for this store
[2015-08-20 14:33:11.112000] ERROR: No flyer for this store
[2015-08-20 14:34:11.246000] ERROR: No flyer for this store
[2015-08-20 14:40:40.278000] ERROR: Unable to switch frame. Skipping store.
[2015-08-20 14:41:43.426000] ERROR: No flyer for this store
[2015-08-20 14:49:17.434000] ERROR: list index out of range
[2015-08-20 14:49:17.434000] ERROR: Failed to find some store info. Continuing...
[2015-08-20 14:51:37.738000] ERROR: Message: {"errorMessage":"Unable to find element with xpath './/div[@id='storehour']'","request":{"headers":{"Accept":"application/json","Accept-Encoding":"identity","Connection":"close","Content-Length":"107","Content-Type":"application/json;charset=UTF-8","Host":"127.0.0.1:59919","User-Agent":"Python-urllib/2.7"},"httpVersion":"1.1","method":"POST","post":"{\"using\": \"xpath\", \"sessionId\": \"164772e0-475d-11e5-b313-2f0f53465329\", \"value\": \".//div[@id='storehour']\"}","url":"/element","urlParsed":{"anchor":"","query":"","file":"element","directory":"/","path":"/element","relative":"/element","port":"","host":"","password":"","user":"","userInfo":"","authority":"","protocol":"","source":"/element","queryKey":{},"chunks":["element"]},"urlOriginal":"/session/164772e0-475d-11e5-b313-2f0f53465329/element"}}
Screenshot: available via screen

[2015-08-20 14:51:37.738000] ERROR: Unable to find store hours. Skipping store...
[2015-08-20 15:08:36.277000] ERROR: No flyer for this store
[2015-08-20 15:09:05.177000] ERROR: No flyer for this store
[2015-08-20 15:10:38.423000] ERROR: No flyer for this store
[2015-08-20 15:12:44.200000] ERROR: No flyer for this store
[2015-08-20 15:15:59.752000] ERROR: No flyer for this store
