[INFO  - 2015-08-07T12:42:40.287Z] GhostDriver - Main - running on port 51024
[INFO  - 2015-08-07T12:42:41.045Z] Session [cabe02e0-3d01-11e5-bbd5-c380a2c2c8f3] - page.settings - {"XSSAuditingEnabled":false,"javascriptCanCloseWindows":true,"javascriptCanOpenWindows":true,"javascriptEnabled":true,"loadImages":true,"localToRemoteUrlAccessEnabled":false,"userAgent":"Mozilla/5.0 (Windows NT 6.1; WOW64) AppleWebKit/538.1 (KHTML, like Gecko) PhantomJS/2.0.0 Safari/538.1","webSecurityEnabled":true}
[INFO  - 2015-08-07T12:42:41.045Z] Session [cabe02e0-3d01-11e5-bbd5-c380a2c2c8f3] - page.customHeaders:  - {}
[INFO  - 2015-08-07T12:42:41.045Z] Session [cabe02e0-3d01-11e5-bbd5-c380a2c2c8f3] - Session.negotiatedCapabilities - {"browserName":"phantomjs","version":"2.0.0","driverName":"ghostdriver","driverVersion":"1.2.0","platform":"windows-7-32bit","javascriptEnabled":true,"takesScreenshot":true,"handlesAlerts":false,"databaseEnabled":false,"locationContextEnabled":false,"applicationCacheEnabled":false,"browserConnectionEnabled":false,"cssSelectorsEnabled":true,"webStorageEnabled":false,"rotatable":false,"acceptSslCerts":false,"nativeEvents":true,"proxy":{"proxyType":"direct"}}
[INFO  - 2015-08-07T12:42:41.045Z] SessionManagerReqHand - _postNewSessionCommand - New Session Created: cabe02e0-3d01-11e5-bbd5-c380a2c2c8f3
[ERROR - 2015-08-07T12:42:42.336Z] Session [cabe02e0-3d01-11e5-bbd5-c380a2c2c8f3] - page.onError - msg: Error: Script error
http://requirejs.org/docs/errors.html#scripterror

  :262 in error
[ERROR - 2015-08-07T12:42:42.336Z] Session [cabe02e0-3d01-11e5-bbd5-c380a2c2c8f3] - page.onError - stack:
  onError (http://www.zehrs.ca/etc/designs/lclonline/js/vendor/require.js:7)
  S (http://www.zehrs.ca/etc/designs/lclonline/js/vendor/require.js:7)
  onScriptError (http://www.zehrs.ca/etc/designs/lclonline/js/vendor/require.js:7)
  appendChild (:0)
  load (http://www.zehrs.ca/etc/designs/lclonline/js/vendor/require.js:7)
  load (http://www.zehrs.ca/etc/designs/lclonline/js/vendor/require.js:7)
  load (http://www.zehrs.ca/etc/designs/lclonline/js/vendor/require.js:7)
  fetch (http://www.zehrs.ca/etc/designs/lclonline/js/vendor/require.js:7)
  check (http://www.zehrs.ca/etc/designs/lclonline/js/vendor/require.js:7)
  enable (http://www.zehrs.ca/etc/designs/lclonline/js/vendor/require.js:7)
  enable (http://www.zehrs.ca/etc/designs/lclonline/js/vendor/require.js:7)
  (anonymous function) (http://www.zehrs.ca/etc/designs/lclonline/js/vendor/require.js:7)
  (anonymous function) (http://www.zehrs.ca/etc/designs/lclonline/js/vendor/require.js:7)
  each (http://www.zehrs.ca/etc/designs/lclonline/js/vendor/require.js:7)
  enable (http://www.zehrs.ca/etc/designs/lclonline/js/vendor/require.js:7)
  init (http://www.zehrs.ca/etc/designs/lclonline/js/vendor/require.js:7)
  (anonymous function) (http://www.zehrs.ca/etc/designs/lclonline/js/vendor/require.js:7)

  :262 in error
[ERROR - 2015-08-07T12:42:42.337Z] Session [cabe02e0-3d01-11e5-bbd5-c380a2c2c8f3] - page.onError - msg: Error: Script error
http://requirejs.org/docs/errors.html#scripterror

  :262 in error
[ERROR - 2015-08-07T12:42:42.337Z] Session [cabe02e0-3d01-11e5-bbd5-c380a2c2c8f3] - page.onError - stack:
  onError (http://www.zehrs.ca/etc/designs/lclonline/js/vendor/require.js:7)
  S (http://www.zehrs.ca/etc/designs/lclonline/js/vendor/require.js:7)
  onScriptError (http://www.zehrs.ca/etc/designs/lclonline/js/vendor/require.js:7)

  :262 in error
[INFO  - 2015-08-07T12:47:40.284Z] SessionManagerReqHand - _cleanupWindowlessSessions - Asynchronous Sessions clean-up phase starting NOW
